<?xml version="1.0" encoding="UTF-8"?>
<!-- Generated by org.testng.reporters.JUnitReportReporter -->
<testsuite skipped="0" hostname="HFLT0001452" name="CAS_LPL_UAT.Underwriting_LPL" tests="1" failures="0" timestamp="22 Aug 2017 13:06:57 GMT" time="297.517" errors="0">
  <testcase name="Underwriting" time="297.517" classname="CAS_LPL_UAT.Underwriting_LPL"/>
</testsuite> <!-- CAS_LPL_UAT.Underwriting_LPL -->
