<?xml version="1.0" encoding="UTF-8"?>
<!-- Generated by org.testng.reporters.JUnitReportReporter -->
<testsuite skipped="0" hostname="HFLT0001452" name="CAS_LPL_UAT.PDOC" tests="1" failures="0" timestamp="22 Aug 2017 13:06:57 GMT" time="147.358" errors="0">
  <testcase name="PDOCDetails" time="147.358" classname="CAS_LPL_UAT.PDOC"/>
</testsuite> <!-- CAS_LPL_UAT.PDOC -->
