<?xml version="1.0" encoding="UTF-8"?>
<!-- Generated by org.testng.reporters.JUnitReportReporter -->
<testsuite skipped="0" hostname="HFLT0001452" name="CAS_LPL_UAT.Dedupe_update" tests="1" failures="0" timestamp="20 Jul 2017 10:43:11 GMT" time="0.835" errors="0">
  <testcase name="dedupe" time="0.835" classname="CAS_LPL_UAT.Dedupe_update"/>
</testsuite> <!-- CAS_LPL_UAT.Dedupe_update -->
