<?xml version="1.0" encoding="UTF-8"?>
<!-- Generated by org.testng.reporters.JUnitReportReporter -->
<testsuite skipped="0" hostname="HFLT0001452" name="CAS_LPL_UAT.sourcing_comments" tests="1" failures="0" timestamp="22 Aug 2017 13:06:57 GMT" time="30.184" errors="0">
  <testcase name="Sourcing" time="30.184" classname="CAS_LPL_UAT.sourcing_comments"/>
</testsuite> <!-- CAS_LPL_UAT.sourcing_comments -->
