<?xml version="1.0" encoding="UTF-8"?>
<!-- Generated by org.testng.reporters.JUnitReportReporter -->
<testsuite skipped="1" hostname="HFLT0001452" name="CAS_LPL_UAT.sourcing" tests="1" failures="0" timestamp="20 Jul 2017 10:43:11 GMT" time="0.000" errors="0">
  <testcase name="Sourcing_CAS" time="0.000" classname="CAS_LPL_UAT.sourcing">
    <skipped/>
  </testcase> <!-- Sourcing_CAS -->
</testsuite> <!-- CAS_LPL_UAT.sourcing -->
