<?xml version="1.0" encoding="UTF-8"?>
<!-- Generated by org.testng.reporters.JUnitReportReporter -->
<testsuite skipped="0" hostname="HFLT0001452" name="CAS_LPL_UAT.sourcing_comments" tests="1" failures="0" timestamp="24 Jul 2017 12:34:49 GMT" time="17.563" errors="0">
  <testcase name="Sourcing" time="17.563" classname="CAS_LPL_UAT.sourcing_comments"/>
</testsuite> <!-- CAS_LPL_UAT.sourcing_comments -->
