<?xml version="1.0" encoding="UTF-8"?>
<!-- Generated by org.testng.reporters.JUnitReportReporter -->
<testsuite skipped="0" hostname="HFLT0001452" name="CAS_LPL_UAT.Disbursal_details" tests="1" failures="0" timestamp="22 Aug 2017 13:06:57 GMT" time="31.758" errors="0">
  <testcase name="Disbursal_detail" time="31.758" classname="CAS_LPL_UAT.Disbursal_details"/>
</testsuite> <!-- CAS_LPL_UAT.Disbursal_details -->
